Line 67: Class UppDonwOCX.UppDown of control updFuel was not a loaded control class.
Line 98: Class UppDonwOCX.UppDown of control updLaps was not a loaded control class.
Line 126: Class UppDonwOCX.UppDown of control updRange33 was not a loaded control class.
Line 147: Class UppDonwOCX.UppDown of control updRange32 was not a loaded control class.
Line 168: Class UppDonwOCX.UppDown of control updStart33 was not a loaded control class.
Line 189: Class UppDonwOCX.UppDown of control updStart32 was not a loaded control class.
Line 210: Class UppDonwOCX.UppDown of control updRange31 was not a loaded control class.
Line 231: Class UppDonwOCX.UppDown of control updStart31 was not a loaded control class.
Line 252: Class UppDonwOCX.UppDown of control upd3Stops was not a loaded control class.
Line 351: Class UppDonwOCX.UppDown of control updRange21 was not a loaded control class.
Line 372: Class UppDonwOCX.UppDown of control updRange22 was not a loaded control class.
Line 393: Class UppDonwOCX.UppDown of control updStart21 was not a loaded control class.
Line 414: Class UppDonwOCX.UppDown of control updStart22 was not a loaded control class.
Line 435: Class UppDonwOCX.UppDown of control upd2Stops was not a loaded control class.
Line 514: Class UppDonwOCX.UppDown of control updRange11 was not a loaded control class.
Line 535: Class UppDonwOCX.UppDown of control updStart11 was not a loaded control class.
Line 556: Class UppDonwOCX.UppDown of control upd1Stops was not a loaded control class.
Line 615: Class UppDonwOCX.UppDown of control updBrack was not a loaded control class.
Line 637: Class UppDonwOCX.UppDown of control updAir was not a loaded control class.
Line 659: Class UppDonwOCX.UppDown of control updGrip was not a loaded control class.
Line 681: Class UppDonwOCX.UppDown of control updAcc was not a loaded control class.
Line 743: Class UppDonwOCX.UppDown of control updGear was not a loaded control class.
Line 767: Class UppDonwOCX.UppDown of control updGear was not a loaded control class.
Line 791: Class UppDonwOCX.UppDown of control updGear was not a loaded control class.
Line 815: Class UppDonwOCX.UppDown of control updGear was not a loaded control class.
Line 839: Class UppDonwOCX.UppDown of control updGear was not a loaded control class.
Line 863: Class UppDonwOCX.UppDown of control updGear was not a loaded control class.
Line 970: Class UppDonwOCX.UppDown of control updRear was not a loaded control class.
Line 993: Class UppDonwOCX.UppDown of control updFront was not a loaded control class.
